[INFO  - 2013-04-18T15:24:47.246Z] GhostDriver - Main - running on port 26369
[INFO  - 2013-04-18T15:24:47.750Z] Session [1ae7f710-a83c-11e2-844b-cbc16c2c0e3f] - CONSTRUCTOR - Desired Capabilities: {"phantomjs.binary.path":"/Users/rory/Tools/phantomjs/bin/phantomjs"}
[INFO  - 2013-04-18T15:24:47.751Z] Session [1ae7f710-a83c-11e2-844b-cbc16c2c0e3f] - CONSTRUCTOR - Negotiated Capabilities: {"browserName":"phantomjs","version":"1.9.0","driverName":"ghostdriver","driverVersion":"1.0.3","platform":"mac-10.8 (Mountain Lion)-32bit","javascriptEnabled":true,"takesScreenshot":true,"handlesAlerts":false,"databaseEnabled":false,"locationContextEnabled":false,"applicationCacheEnabled":false,"browserConnectionEnabled":false,"cssSelectorsEnabled":true,"webStorageEnabled":false,"rotatable":false,"acceptSslCerts":false,"nativeEvents":true,"proxy":{"proxyType":"direct"}}
[INFO  - 2013-04-18T15:24:47.751Z] SessionManagerReqHand - _postNewSessionCommand - New Session Created: 1ae7f710-a83c-11e2-844b-cbc16c2c0e3f
[INFO  - 2013-04-18T15:24:48.505Z] ShutdownReqHand - _handle - About to shutdown
[INFO  - 2013-04-18T15:24:50.722Z] GhostDriver - Main - running on port 21600
[INFO  - 2013-04-18T15:24:51.052Z] Session [1cdf5a40-a83c-11e2-9190-edbbd6318be6] - CONSTRUCTOR - Desired Capabilities: {"phantomjs.binary.path":"/Users/rory/Tools/phantomjs/bin/phantomjs"}
[INFO  - 2013-04-18T15:24:51.052Z] Session [1cdf5a40-a83c-11e2-9190-edbbd6318be6] - CONSTRUCTOR - Negotiated Capabilities: {"browserName":"phantomjs","version":"1.9.0","driverName":"ghostdriver","driverVersion":"1.0.3","platform":"mac-10.8 (Mountain Lion)-32bit","javascriptEnabled":true,"takesScreenshot":true,"handlesAlerts":false,"databaseEnabled":false,"locationContextEnabled":false,"applicationCacheEnabled":false,"browserConnectionEnabled":false,"cssSelectorsEnabled":true,"webStorageEnabled":false,"rotatable":false,"acceptSslCerts":false,"nativeEvents":true,"proxy":{"proxyType":"direct"}}
[INFO  - 2013-04-18T15:24:51.052Z] SessionManagerReqHand - _postNewSessionCommand - New Session Created: 1cdf5a40-a83c-11e2-9190-edbbd6318be6
[INFO  - 2013-04-18T15:24:52.605Z] ShutdownReqHand - _handle - About to shutdown
[INFO  - 2013-04-18T15:24:55.291Z] GhostDriver - Main - running on port 28363
[INFO  - 2013-04-18T15:24:55.649Z] Session [1f9d1ab0-a83c-11e2-8471-41e2e8d89938] - CONSTRUCTOR - Desired Capabilities: {"phantomjs.binary.path":"/Users/rory/Tools/phantomjs/bin/phantomjs"}
[INFO  - 2013-04-18T15:24:55.649Z] Session [1f9d1ab0-a83c-11e2-8471-41e2e8d89938] - CONSTRUCTOR - Negotiated Capabilities: {"browserName":"phantomjs","version":"1.9.0","driverName":"ghostdriver","driverVersion":"1.0.3","platform":"mac-10.8 (Mountain Lion)-32bit","javascriptEnabled":true,"takesScreenshot":true,"handlesAlerts":false,"databaseEnabled":false,"locationContextEnabled":false,"applicationCacheEnabled":false,"browserConnectionEnabled":false,"cssSelectorsEnabled":true,"webStorageEnabled":false,"rotatable":false,"acceptSslCerts":false,"nativeEvents":true,"proxy":{"proxyType":"direct"}}
[INFO  - 2013-04-18T15:24:55.649Z] SessionManagerReqHand - _postNewSessionCommand - New Session Created: 1f9d1ab0-a83c-11e2-8471-41e2e8d89938
[INFO  - 2013-04-18T15:59:33.912Z] GhostDriver - Main - running on port 12772
[INFO  - 2013-04-18T15:59:34.612Z] Session [f6c5aee0-a840-11e2-82a1-4557307bdf6e] - CONSTRUCTOR - Desired Capabilities: {"phantomjs.binary.path":"/Users/rory/Tools/phantomjs/bin/phantomjs"}
[INFO  - 2013-04-18T15:59:34.613Z] Session [f6c5aee0-a840-11e2-82a1-4557307bdf6e] - CONSTRUCTOR - Negotiated Capabilities: {"browserName":"phantomjs","version":"1.9.0","driverName":"ghostdriver","driverVersion":"1.0.3","platform":"mac-10.8 (Mountain Lion)-32bit","javascriptEnabled":true,"takesScreenshot":true,"handlesAlerts":false,"databaseEnabled":false,"locationContextEnabled":false,"applicationCacheEnabled":false,"browserConnectionEnabled":false,"cssSelectorsEnabled":true,"webStorageEnabled":false,"rotatable":false,"acceptSslCerts":false,"nativeEvents":true,"proxy":{"proxyType":"direct"}}
[INFO  - 2013-04-18T15:59:34.613Z] SessionManagerReqHand - _postNewSessionCommand - New Session Created: f6c5aee0-a840-11e2-82a1-4557307bdf6e
[INFO  - 2013-04-18T15:59:35.093Z] ShutdownReqHand - _handle - About to shutdown
[INFO  - 2013-04-18T15:59:38.046Z] GhostDriver - Main - running on port 45965
[INFO  - 2013-04-18T15:59:38.216Z] Session [f8ebc330-a840-11e2-af70-6313b9ebdb49] - CONSTRUCTOR - Desired Capabilities: {"phantomjs.binary.path":"/Users/rory/Tools/phantomjs/bin/phantomjs"}
[INFO  - 2013-04-18T15:59:38.216Z] Session [f8ebc330-a840-11e2-af70-6313b9ebdb49] - CONSTRUCTOR - Negotiated Capabilities: {"browserName":"phantomjs","version":"1.9.0","driverName":"ghostdriver","driverVersion":"1.0.3","platform":"mac-10.8 (Mountain Lion)-32bit","javascriptEnabled":true,"takesScreenshot":true,"handlesAlerts":false,"databaseEnabled":false,"locationContextEnabled":false,"applicationCacheEnabled":false,"browserConnectionEnabled":false,"cssSelectorsEnabled":true,"webStorageEnabled":false,"rotatable":false,"acceptSslCerts":false,"nativeEvents":true,"proxy":{"proxyType":"direct"}}
[INFO  - 2013-04-18T15:59:38.216Z] SessionManagerReqHand - _postNewSessionCommand - New Session Created: f8ebc330-a840-11e2-af70-6313b9ebdb49
[INFO  - 2013-04-18T15:59:46.472Z] ShutdownReqHand - _handle - About to shutdown
[INFO  - 2013-04-18T15:59:49.770Z] GhostDriver - Main - running on port 16507
[INFO  - 2013-04-18T15:59:50.033Z] Session [fff6bdb0-a840-11e2-8873-b7c820534c14] - CONSTRUCTOR - Desired Capabilities: {"phantomjs.binary.path":"/Users/rory/Tools/phantomjs/bin/phantomjs"}
[INFO  - 2013-04-18T15:59:50.033Z] Session [fff6bdb0-a840-11e2-8873-b7c820534c14] - CONSTRUCTOR - Negotiated Capabilities: {"browserName":"phantomjs","version":"1.9.0","driverName":"ghostdriver","driverVersion":"1.0.3","platform":"mac-10.8 (Mountain Lion)-32bit","javascriptEnabled":true,"takesScreenshot":true,"handlesAlerts":false,"databaseEnabled":false,"locationContextEnabled":false,"applicationCacheEnabled":false,"browserConnectionEnabled":false,"cssSelectorsEnabled":true,"webStorageEnabled":false,"rotatable":false,"acceptSslCerts":false,"nativeEvents":true,"proxy":{"proxyType":"direct"}}
[INFO  - 2013-04-18T15:59:50.033Z] SessionManagerReqHand - _postNewSessionCommand - New Session Created: fff6bdb0-a840-11e2-8873-b7c820534c14
[INFO  - 2013-04-18T15:59:52.455Z] ShutdownReqHand - _handle - About to shutdown
[INFO  - 2013-04-18T16:00:00.531Z] GhostDriver - Main - running on port 5223
[INFO  - 2013-04-18T16:00:00.596Z] Session [0642adf0-a841-11e2-ae54-1faf377d0e19] - CONSTRUCTOR - Desired Capabilities: {"phantomjs.binary.path":"/Users/rory/Tools/phantomjs/bin/phantomjs"}
[INFO  - 2013-04-18T16:00:00.596Z] Session [0642adf0-a841-11e2-ae54-1faf377d0e19] - CONSTRUCTOR - Negotiated Capabilities: {"browserName":"phantomjs","version":"1.9.0","driverName":"ghostdriver","driverVersion":"1.0.3","platform":"mac-10.8 (Mountain Lion)-32bit","javascriptEnabled":true,"takesScreenshot":true,"handlesAlerts":false,"databaseEnabled":false,"locationContextEnabled":false,"applicationCacheEnabled":false,"browserConnectionEnabled":false,"cssSelectorsEnabled":true,"webStorageEnabled":false,"rotatable":false,"acceptSslCerts":false,"nativeEvents":true,"proxy":{"proxyType":"direct"}}
[INFO  - 2013-04-18T16:00:00.596Z] SessionManagerReqHand - _postNewSessionCommand - New Session Created: 0642adf0-a841-11e2-ae54-1faf377d0e19
[INFO  - 2013-04-18T16:00:04.528Z] ShutdownReqHand - _handle - About to shutdown
[INFO  - 2013-04-18T16:09:51.331Z] GhostDriver - Main - running on port 37460
[INFO  - 2013-04-18T16:09:51.853Z] Session [66ad2f70-a842-11e2-9e10-dff2c007e003] - CONSTRUCTOR - Desired Capabilities: {"phantomjs.binary.path":"/Users/rory/Tools/phantomjs/bin/phantomjs"}
[INFO  - 2013-04-18T16:09:51.853Z] Session [66ad2f70-a842-11e2-9e10-dff2c007e003] - CONSTRUCTOR - Negotiated Capabilities: {"browserName":"phantomjs","version":"1.9.0","driverName":"ghostdriver","driverVersion":"1.0.3","platform":"mac-10.8 (Mountain Lion)-32bit","javascriptEnabled":true,"takesScreenshot":true,"handlesAlerts":false,"databaseEnabled":false,"locationContextEnabled":false,"applicationCacheEnabled":false,"browserConnectionEnabled":false,"cssSelectorsEnabled":true,"webStorageEnabled":false,"rotatable":false,"acceptSslCerts":false,"nativeEvents":true,"proxy":{"proxyType":"direct"}}
[INFO  - 2013-04-18T16:09:51.853Z] SessionManagerReqHand - _postNewSessionCommand - New Session Created: 66ad2f70-a842-11e2-9e10-dff2c007e003
[INFO  - 2013-04-18T16:09:59.082Z] ShutdownReqHand - _handle - About to shutdown
[INFO  - 2013-04-18T16:10:17.342Z] GhostDriver - Main - running on port 12383
[INFO  - 2013-04-18T16:10:17.970Z] Session [763e2bb0-a842-11e2-92b0-63e852f76c4f] - CONSTRUCTOR - Desired Capabilities: {"phantomjs.binary.path":"/Users/rory/Tools/phantomjs/bin/phantomjs"}
[INFO  - 2013-04-18T16:10:17.970Z] Session [763e2bb0-a842-11e2-92b0-63e852f76c4f] - CONSTRUCTOR - Negotiated Capabilities: {"browserName":"phantomjs","version":"1.9.0","driverName":"ghostdriver","driverVersion":"1.0.3","platform":"mac-10.8 (Mountain Lion)-32bit","javascriptEnabled":true,"takesScreenshot":true,"handlesAlerts":false,"databaseEnabled":false,"locationContextEnabled":false,"applicationCacheEnabled":false,"browserConnectionEnabled":false,"cssSelectorsEnabled":true,"webStorageEnabled":false,"rotatable":false,"acceptSslCerts":false,"nativeEvents":true,"proxy":{"proxyType":"direct"}}
[INFO  - 2013-04-18T16:10:17.970Z] SessionManagerReqHand - _postNewSessionCommand - New Session Created: 763e2bb0-a842-11e2-92b0-63e852f76c4f
[INFO  - 2013-04-18T16:10:24.463Z] ShutdownReqHand - _handle - About to shutdown
[INFO  - 2013-04-18T16:10:47.421Z] GhostDriver - Main - running on port 49092
[INFO  - 2013-04-18T16:10:47.976Z] Session [8820b910-a842-11e2-a6d2-1dfc6ba704e8] - CONSTRUCTOR - Desired Capabilities: {"phantomjs.binary.path":"/Users/rory/Tools/phantomjs/bin/phantomjs"}
[INFO  - 2013-04-18T16:10:47.976Z] Session [8820b910-a842-11e2-a6d2-1dfc6ba704e8] - CONSTRUCTOR - Negotiated Capabilities: {"browserName":"phantomjs","version":"1.9.0","driverName":"ghostdriver","driverVersion":"1.0.3","platform":"mac-10.8 (Mountain Lion)-32bit","javascriptEnabled":true,"takesScreenshot":true,"handlesAlerts":false,"databaseEnabled":false,"locationContextEnabled":false,"applicationCacheEnabled":false,"browserConnectionEnabled":false,"cssSelectorsEnabled":true,"webStorageEnabled":false,"rotatable":false,"acceptSslCerts":false,"nativeEvents":true,"proxy":{"proxyType":"direct"}}
[INFO  - 2013-04-18T16:10:47.976Z] SessionManagerReqHand - _postNewSessionCommand - New Session Created: 8820b910-a842-11e2-a6d2-1dfc6ba704e8
[INFO  - 2013-04-18T16:10:56.741Z] ShutdownReqHand - _handle - About to shutdown
[INFO  - 2013-04-18T16:15:41.913Z] GhostDriver - Main - running on port 39017
[INFO  - 2013-04-18T16:15:42.394Z] Session [379d5830-a843-11e2-8c09-e75a9aeb589d] - CONSTRUCTOR - Desired Capabilities: {"phantomjs.binary.path":"/Users/rory/Tools/phantomjs/bin/phantomjs"}
[INFO  - 2013-04-18T16:15:42.395Z] Session [379d5830-a843-11e2-8c09-e75a9aeb589d] - CONSTRUCTOR - Negotiated Capabilities: {"browserName":"phantomjs","version":"1.9.0","driverName":"ghostdriver","driverVersion":"1.0.3","platform":"mac-10.8 (Mountain Lion)-32bit","javascriptEnabled":true,"takesScreenshot":true,"handlesAlerts":false,"databaseEnabled":false,"locationContextEnabled":false,"applicationCacheEnabled":false,"browserConnectionEnabled":false,"cssSelectorsEnabled":true,"webStorageEnabled":false,"rotatable":false,"acceptSslCerts":false,"nativeEvents":true,"proxy":{"proxyType":"direct"}}
[INFO  - 2013-04-18T16:15:42.395Z] SessionManagerReqHand - _postNewSessionCommand - New Session Created: 379d5830-a843-11e2-8c09-e75a9aeb589d
[INFO  - 2013-04-18T16:15:53.281Z] ShutdownReqHand - _handle - About to shutdown
